unityLibrary/build/intermediates/manifest_merge_blame_file/debug/processDebugManifest/manifest-merger-blame-debug-report.txt
1<?xml version="1.0" encoding="utf-8"?>
2<manifest xmlns:android="http://schemas.android.com/apk/res/android"
3    xmlns:tools="http://schemas.android.com/tools"
4    package="com.sdkmerge.bridge" >
5
6    <uses-sdk android:minSdkVersion="25" />
7
8    <uses-permission android:name="android.permission.INTERNET" />
8-->src\main\AndroidManifest.xml:3:3-65
8-->src\main\AndroidManifest.xml:3:20-62
9
10    <uses-feature android:glEsVersion="0x00030000" />
10-->src\main\AndroidManifest.xml:4:3-52
10-->src\main\AndroidManifest.xml:4:17-49
11    <uses-feature
11-->src\main\AndroidManifest.xml:5:3-88
12        android:name="android.hardware.touchscreen"
12-->src\main\AndroidManifest.xml:5:17-60
13        android:required="false" />
13-->src\main\AndroidManifest.xml:5:61-85
14    <uses-feature
14-->src\main\AndroidManifest.xml:6:3-99
15        android:name="android.hardware.touchscreen.multitouch"
15-->src\main\AndroidManifest.xml:6:17-71
16        android:required="false" />
16-->src\main\AndroidManifest.xml:6:72-96
17    <uses-feature
17-->src\main\AndroidManifest.xml:7:3-108
18        android:name="android.hardware.touchscreen.multitouch.distinct"
18-->src\main\AndroidManifest.xml:7:17-80
19        android:required="false" />
19-->src\main\AndroidManifest.xml:7:81-105
20
21    <application
21-->src\main\AndroidManifest.xml:8:3-24:17
22        android:enableOnBackInvokedCallback="false"
22-->src\main\AndroidManifest.xml:8:16-59
23        android:extractNativeLibs="true"
23-->src\main\AndroidManifest.xml:8:60-92
24        android:usesCleartextTraffic="true" >
24-->src\main\AndroidManifest.xml:8:93-128
25        <meta-data
25-->src\main\AndroidManifest.xml:9:5-99
26            android:name="GameActivity"
26-->src\main\AndroidManifest.xml:9:16-43
27            android:value="com.sdkmerge.bridge.SDKMergeActivity" />
27-->src\main\AndroidManifest.xml:9:44-96
28        <meta-data
28-->src\main\AndroidManifest.xml:10:5-69
29            android:name="unity.splash-mode"
29-->src\main\AndroidManifest.xml:10:16-48
30            android:value="0" />
30-->src\main\AndroidManifest.xml:10:49-66
31        <meta-data
31-->src\main\AndroidManifest.xml:11:5-74
32            android:name="unity.splash-enable"
32-->src\main\AndroidManifest.xml:11:16-50
33            android:value="True" />
33-->src\main\AndroidManifest.xml:11:51-71
34        <meta-data
34-->src\main\AndroidManifest.xml:12:5-78
35            android:name="unity.launch-fullscreen"
35-->src\main\AndroidManifest.xml:12:16-54
36            android:value="True" />
36-->src\main\AndroidManifest.xml:12:55-75
37        <meta-data
37-->src\main\AndroidManifest.xml:13:5-85
38            android:name="unity.render-outside-safearea"
38-->src\main\AndroidManifest.xml:13:16-60
39            android:value="False" />
39-->src\main\AndroidManifest.xml:13:61-82
40        <meta-data
40-->src\main\AndroidManifest.xml:14:5-84
41            android:name="unity.auto-report-fully-drawn"
41-->src\main\AndroidManifest.xml:14:16-60
42            android:value="true" />
42-->src\main\AndroidManifest.xml:14:61-81
43        <meta-data
43-->src\main\AndroidManifest.xml:15:5-80
44            android:name="unity.auto-set-game-state"
44-->src\main\AndroidManifest.xml:15:16-56
45            android:value="true" />
45-->src\main\AndroidManifest.xml:15:57-77
46        <meta-data
46-->src\main\AndroidManifest.xml:16:5-79
47            android:name="unity.strip-engine-code"
47-->src\main\AndroidManifest.xml:16:16-54
48            android:value="false" />
48-->src\main\AndroidManifest.xml:16:55-76
49
50        <activity
50-->src\main\AndroidManifest.xml:17:5-23:16
51            android:name="com.sdkmerge.bridge.SDKMergeActivity"
51-->src\main\AndroidManifest.xml:17:289-340
52            android:configChanges="mcc|mnc|locale|touchscreen|keyboard|keyboardHidden|navigation|orientation|screenLayout|uiMode|screenSize|smallestScreenSize|fontScale|layoutDirection|density"
52-->src\main\AndroidManifest.xml:17:15-196
53            android:exported="true"
53-->src\main\AndroidManifest.xml:17:197-220
54            android:hardwareAccelerated="false"
54-->src\main\AndroidManifest.xml:17:221-256
55            android:launchMode="singleTask"
55-->src\main\AndroidManifest.xml:17:257-288
56            android:resizeableActivity="false"
56-->src\main\AndroidManifest.xml:17:341-375
57            android:screenOrientation="userLandscape"
57-->src\main\AndroidManifest.xml:17:376-417
58            android:theme="@style/UnityThemeSelector" >
58-->src\main\AndroidManifest.xml:17:418-459
59            <intent-filter>
59-->src\main\AndroidManifest.xml:18:7-21:23
60                <category android:name="android.intent.category.LAUNCHER" />
60-->src\main\AndroidManifest.xml:19:9-69
60-->src\main\AndroidManifest.xml:19:19-66
61                <category android:name="android.intent.category.LEANBACK_LAUNCHER" />
61-->src\main\AndroidManifest.xml:20:9-78
61-->src\main\AndroidManifest.xml:20:19-75
62            </intent-filter>
63
64            <meta-data
64-->src\main\AndroidManifest.xml:22:7-82
65                android:name="unityplayer.UnityActivity"
65-->src\main\AndroidManifest.xml:22:18-58
66                android:value="true" />
66-->src\main\AndroidManifest.xml:22:59-79
67        </activity>
68    </application>
69
70</manifest>